[debug] [2025-05-25T21:10:27.634Z] ----------------------------------------------------------------------
[debug] [2025-05-25T21:10:27.637Z] Command:       C:\Program Files\nodejs\node.exe C:\Users\dnshe\AppData\Roaming\npm\node_modules\firebase-tools\lib\bin\firebase.js init
[debug] [2025-05-25T21:10:27.637Z] CLI Version:   14.4.0
[debug] [2025-05-25T21:10:27.637Z] Platform:      win32
[debug] [2025-05-25T21:10:27.637Z] Node Version:  v22.11.0
[debug] [2025-05-25T21:10:27.637Z] Time:          Sun May 25 2025 16:10:27 GMT-0500 (Central Daylight Time)
[debug] [2025-05-25T21:10:27.637Z] ----------------------------------------------------------------------
[debug] 
[debug] [2025-05-25T21:10:27.642Z] > command requires scopes: ["email","openid","https://www.googleapis.com/auth/cloudplatformprojects.readonly","https://www.googleapis.com/auth/firebase","https://www.googleapis.com/auth/cloud-platform"]
[debug] [2025-05-25T21:10:27.643Z] > authorizing via signed-in user (dnshelby712@gmail.com)
[info] 
     ######## #### ########  ######## ########     ###     ######  ########
     ##        ##  ##     ## ##       ##     ##  ##   ##  ##       ##
     ######    ##  ########  ######   ########  #########  ######  ######
     ##        ##  ##    ##  ##       ##     ## ##     ##       ## ##
     ##       #### ##     ## ######## ########  ##     ##  ######  ########

You're about to initialize a Firebase project in this directory:

  C:\Users\dnshe\Documents\audiogram

[debug] [2025-05-25T21:11:02.088Z] ExitPromptError: User force closed the prompt with SIGINT
    at Interface.sigint (C:\Users\dnshe\AppData\Roaming\npm\node_modules\firebase-tools\node_modules\@inquirer\core\dist\commonjs\lib\create-prompt.js:101:37)
    at Interface.emit (node:events:518:28)
    at Interface.emit (node:domain:489:12)
    at [_ttyWrite] [as _ttyWrite] (node:internal/readline/interface:1124:18)
    at ReadStream.onkeypress (node:internal/readline/interface:263:20)
    at ReadStream.emit (node:events:530:35)
    at ReadStream.emit (node:domain:489:12)
    at emitKeys (node:internal/readline/utils:370:14)
    at emitKeys.next (<anonymous>)
    at ReadStream.onData (node:internal/readline/emitKeypressEvents:64:36)
[error] 
[error] Error: An unexpected error has occurred.
